<?xml version="1.0" encoding="UTF-8"?>
<!-- Generated by org.testng.reporters.JUnitReportReporter -->
<testsuite hostname="DESKTOP-N65ID76" failures="0" tests="1" name="com.saag.POMTestCases.POMEbayProdSearchTest" time="3.135" errors="0" timestamp="2024-08-27T12:10:35 IST" skipped="0">
  <testcase classname="com.saag.POMTestCases.POMEbayProdSearchTest" name="prodSearch" time="3.135">
    <system-out>
      <![CDATA[Ebay Product Search Test is Successful...]]>
    </system-out>
  </testcase> <!-- prodSearch -->
  <system-out>
    <![CDATA[Ebay Product Search Test is Successful...]]>
  </system-out>
</testsuite> <!-- com.saag.POMTestCases.POMEbayProdSearchTest -->
