<?xml version="1.0" encoding="UTF-8"?>
<!-- Generated by org.testng.reporters.JUnitReportReporter -->
<testsuite hostname="DESKTOP-N65ID76" failures="0" tests="1" name="testCases.EbayProdSearchTest" time="18.284" errors="0" timestamp="2024-08-26T12:25:24 IST" skipped="0">
  <testcase classname="testCases.EbayProdSearchTest" name="prodSeach" time="18.284">
    <system-out>
      <![CDATA[Ebay Product Search Test is Successful...]]>
    </system-out>
  </testcase> <!-- prodSeach -->
  <system-out>
    <![CDATA[Ebay Product Search Test is Successful...]]>
  </system-out>
</testsuite> <!-- testCases.EbayProdSearchTest -->
